<?xml version="1.0" encoding="UTF-8"?>
<!-- Generated by org.testng.reporters.JUnitReportReporter -->
<testsuite hostname="DESKTOP-2R8I49B" failures="0" tests="1" name="com.hrms.testscripts.TC001" time="14.113" errors="0" timestamp="3 Feb 2021 13:50:27 GMT">
  <testcase classname="com.hrms.testscripts.TC001" name="tc001" time="14.113"/>
</testsuite> <!-- com.hrms.testscripts.TC001 -->
